<?xml version="1.0" encoding="UTF-8"?>
<testng-results skipped="0" failed="0" total="2" passed="2">
  <reporter-output>
  </reporter-output>
  <suite name="Suite" duration-ms="42" started-at="2020-03-25T07:09:14Z" finished-at="2020-03-25T07:09:14Z">
    <groups>
    </groups>
    <test name="Test" duration-ms="42" started-at="2020-03-25T07:09:14Z" finished-at="2020-03-25T07:09:14Z">
      <class name="com.bin.Source">
        <test-method status="PASS" signature="Test1()[pri:0, instance:com.bin.Source@275710fc]" name="Test1" duration-ms="14" started-at="2020-03-25T12:39:14Z" finished-at="2020-03-25T12:39:14Z">
          <reporter-output>
          </reporter-output>
        </test-method> <!-- Test1 -->
        <test-method status="PASS" signature="Test1()[pri:0, instance:com.bin.Source@275710fc]" name="Test1" duration-ms="2" started-at="2020-03-25T12:39:14Z" finished-at="2020-03-25T12:39:14Z">
          <reporter-output>
          </reporter-output>
        </test-method> <!-- Test1 -->
      </class> <!-- com.bin.Source -->
    </test> <!-- Test -->
  </suite> <!-- Suite -->
</testng-results>
